
Inactive Modules:
  1) defaultenv     2) lmod

[qelr_create_qp:683]create qp: failed on ibv_cmd_create_qp with 22
[qelr_create_qp:683]create qp: failed on ibv_cmd_create_qp with 22
[qelr_create_qp:683]create qp: failed on ibv_cmd_create_qp with 22
[qelr_create_qp:683]create qp: failed on ibv_cmd_create_qp with 22
[qelr_create_qp:683]create qp: failed on ibv_cmd_create_qp with 22
[qelr_create_qp:683]create qp: failed on ibv_cmd_create_qp with 22
[qelr_create_qp:683]create qp: failed on ibv_cmd_create_qp with 22
[qelr_create_qp:683]create qp: failed on ibv_cmd_create_qp with 22
[qelr_create_qp:683]create qp: failed on ibv_cmd_create_qp with 22
[qelr_create_qp:683]create qp: failed on ibv_cmd_create_qp with 22
[qelr_create_qp:683]create qp: failed on ibv_cmd_create_qp with 22
[qelr_create_qp:683]create qp: failed on ibv_cmd_create_qp with 22
[qelr_create_qp:683]create qp: failed on ibv_cmd_create_qp with 22
[qelr_create_qp:683]create qp: failed on ibv_cmd_create_qp with 22
[qelr_create_qp:683]create qp: failed on ibv_cmd_create_qp with 22
[qelr_create_qp:683]create qp: failed on ibv_cmd_create_qp with 22
[qelr_create_qp:683]create qp: failed on ibv_cmd_create_qp with 22
[qelr_create_qp:683]create qp: failed on ibv_cmd_create_qp with 22
[qelr_create_qp:683]create qp: failed on ibv_cmd_create_qp with 22
[qelr_create_qp:683]create qp: failed on ibv_cmd_create_qp with 22
[qelr_create_qp:683]create qp: failed on ibv_cmd_create_qp with 22
[qelr_create_qp:683]create qp: failed on ibv_cmd_create_qp with 22
[qelr_create_qp:683]create qp: failed on ibv_cmd_create_qp with 22
[qelr_create_qp:683]create qp: failed on ibv_cmd_create_qp with 22
[qelr_create_qp:683]create qp: failed on ibv_cmd_create_qp with 22
[qelr_create_qp:683]create qp: failed on ibv_cmd_create_qp with 22
[qelr_create_qp:683]create qp: failed on ibv_cmd_create_qp with 22
[qelr_create_qp:683]create qp: failed on ibv_cmd_create_qp with 22
[qelr_create_qp:683]create qp: failed on ibv_cmd_create_qp with 22
[qelr_create_qp:683]create qp: failed on ibv_cmd_create_qp with 22
[qelr_create_qp:683]create qp: failed on ibv_cmd_create_qp with 22
[qelr_create_qp:683]create qp: failed on ibv_cmd_create_qp with 22
[qelr_create_qp:683]create qp: failed on ibv_cmd_create_qp with 22
[qelr_create_qp:683]create qp: failed on ibv_cmd_create_qp with 22
[qelr_create_qp:683]create qp: failed on ibv_cmd_create_qp with 22
[qelr_create_qp:683]create qp: failed on ibv_cmd_create_qp with 22
[qelr_create_qp:683]create qp: failed on ibv_cmd_create_qp with 22
[qelr_create_qp:683]create qp: failed on ibv_cmd_create_qp with 22
[qelr_create_qp:683]create qp: failed on ibv_cmd_create_qp with 22
[qelr_create_qp:683]create qp: failed on ibv_cmd_create_qp with 22
MTPR from HfNiTi.mtp, Database: train.cfg
BFGS iterations count set to 1000
BFGS convergence tolerance set to 0.001
Energy weight: 1
Force weight: 0.01
Stress weight: 0.001
MTPR parallel training started
BFGS iter 0: f=0.0218284
BFGS iter 1: f=0.0218268
BFGS iter 2: f=0.0217998
BFGS iter 3: f=0.0217651
BFGS iter 4: f=0.0217276
BFGS iter 5: f=0.0216776
BFGS iter 6: f=0.0215923
BFGS iter 7: f=0.0215062
BFGS iter 8: f=0.0214392
BFGS iter 9: f=0.021391
BFGS iter 10: f=0.0213521
BFGS iter 11: f=0.0212986
BFGS iter 12: f=0.0212525
BFGS iter 13: f=0.0211937
BFGS iter 14: f=0.0211408
BFGS iter 15: f=0.0210696
BFGS iter 16: f=0.0209872
BFGS iter 17: f=0.0208537
BFGS iter 18: f=0.0205377
BFGS iter 19: f=0.0204429
BFGS iter 20: f=0.0202219
BFGS iter 21: f=0.0200947
BFGS iter 22: f=0.0198421
BFGS iter 23: f=0.0196199
BFGS iter 24: f=0.019354
BFGS iter 25: f=0.0190945
BFGS iter 26: f=0.0188695
BFGS iter 27: f=0.018689
BFGS iter 28: f=0.0184867
BFGS iter 29: f=0.0183073
BFGS iter 30: f=0.0180446
BFGS iter 31: f=0.0178389
BFGS iter 32: f=0.0176589
BFGS iter 33: f=0.0174159
BFGS iter 34: f=0.0170207
BFGS iter 35: f=0.0168517
BFGS iter 36: f=0.0164007
BFGS iter 37: f=0.0161939
BFGS iter 38: f=0.015999
BFGS iter 39: f=0.0157054
BFGS iter 40: f=0.0153707
BFGS iter 41: f=0.0150478
BFGS iter 42: f=0.014854
BFGS iter 43: f=0.0146348
BFGS iter 44: f=0.0144438
BFGS iter 45: f=0.0140872
BFGS iter 46: f=0.0137239
BFGS iter 47: f=0.0132762
BFGS iter 48: f=0.0130353
BFGS iter 49: f=0.0128713
BFGS iter 50: f=0.0105263
BFGS iter 51: f=0.0103904
BFGS iter 52: f=0.0102903
BFGS iter 53: f=0.0101499
BFGS iter 54: f=0.0100351
BFGS iter 55: f=0.00990677
BFGS iter 56: f=0.00985385
BFGS iter 57: f=0.00976139
BFGS iter 58: f=0.00961107
BFGS iter 59: f=0.00950066
BFGS iter 60: f=0.00938832
BFGS iter 61: f=0.00928483
BFGS iter 62: f=0.00920308
BFGS iter 63: f=0.00911118
BFGS iter 64: f=0.00904331
BFGS iter 65: f=0.00897406
BFGS iter 66: f=0.00890619
BFGS iter 67: f=0.0088226
BFGS iter 68: f=0.00874648
BFGS iter 69: f=0.00867186
BFGS iter 70: f=0.008584
BFGS iter 71: f=0.00850965
BFGS iter 72: f=0.00842973
BFGS iter 73: f=0.00833838
BFGS iter 74: f=0.0082611
BFGS iter 75: f=0.00820239
BFGS iter 76: f=0.00813753
BFGS iter 77: f=0.00808325
BFGS iter 78: f=0.00802326
BFGS iter 79: f=0.00798432
BFGS iter 80: f=0.00794418
BFGS iter 81: f=0.00788071
BFGS iter 82: f=0.00783837
BFGS iter 83: f=0.00778675
BFGS iter 84: f=0.00775361
BFGS iter 85: f=0.00771257
BFGS iter 86: f=0.0076783
BFGS iter 87: f=0.00763554
BFGS iter 88: f=0.0076035
BFGS iter 89: f=0.00758041
BFGS iter 90: f=0.00755868
BFGS iter 91: f=0.00752552
BFGS iter 92: f=0.00748485
BFGS iter 93: f=0.00744901
BFGS iter 94: f=0.00741969
BFGS iter 95: f=0.00738993
BFGS iter 96: f=0.00733641
BFGS iter 97: f=0.00731335
BFGS iter 98: f=0.00726726
BFGS iter 99: f=0.00723529
BFGS iter 100: f=0.00681647
BFGS iter 101: f=0.0067947
BFGS iter 102: f=0.00676816
BFGS iter 103: f=0.00675393
BFGS iter 104: f=0.00674091
BFGS iter 105: f=0.0067221
BFGS iter 106: f=0.00670678
BFGS iter 107: f=0.00668639
BFGS iter 108: f=0.00667105
BFGS iter 109: f=0.00664631
BFGS iter 110: f=0.00661922
BFGS iter 111: f=0.00659543
BFGS iter 112: f=0.00656983
BFGS iter 113: f=0.0065491
BFGS iter 114: f=0.00653053
BFGS iter 115: f=0.00651104
BFGS iter 116: f=0.0064913
BFGS iter 117: f=0.00646931
BFGS iter 118: f=0.00645411
BFGS iter 119: f=0.00643557
BFGS iter 120: f=0.00642037
BFGS iter 121: f=0.00640476
BFGS iter 122: f=0.00638914
BFGS iter 123: f=0.00637799
BFGS iter 124: f=0.00636202
BFGS iter 125: f=0.00634877
BFGS iter 126: f=0.00633694
BFGS iter 127: f=0.00632198
BFGS iter 128: f=0.00630988
BFGS iter 129: f=0.0062999
BFGS iter 130: f=0.00629169
BFGS iter 131: f=0.00628381
BFGS iter 132: f=0.0062716
BFGS iter 133: f=0.00625672
BFGS iter 134: f=0.00624458
BFGS iter 135: f=0.00623195
BFGS iter 136: f=0.00622133
BFGS iter 137: f=0.00621475
BFGS iter 138: f=0.00620442
BFGS iter 139: f=0.00619348
BFGS iter 140: f=0.00618491
BFGS iter 141: f=0.00617503
BFGS iter 142: f=0.00616437
BFGS iter 143: f=0.00615254
BFGS iter 144: f=0.0061425
BFGS iter 145: f=0.00613342
BFGS iter 146: f=0.00611995
BFGS iter 147: f=0.00611082
BFGS iter 148: f=0.00609838
BFGS iter 149: f=0.0060874
BFGS iter 150: f=0.00597861
BFGS iter 151: f=0.00597322
BFGS iter 152: f=0.00596497
BFGS iter 153: f=0.00595917
BFGS iter 154: f=0.00595388
BFGS iter 155: f=0.00594826
BFGS iter 156: f=0.00594265
BFGS iter 157: f=0.00593721
BFGS iter 158: f=0.00593129
BFGS iter 159: f=0.00592489
BFGS iter 160: f=0.00591733
BFGS iter 161: f=0.0059109
BFGS iter 162: f=0.00590545
BFGS iter 163: f=0.0058987
BFGS iter 164: f=0.00589309
BFGS iter 165: f=0.00588759
BFGS iter 166: f=0.00588199
BFGS iter 167: f=0.0058757
BFGS iter 168: f=0.00587185
BFGS iter 169: f=0.00586581
BFGS iter 170: f=0.00586112
BFGS iter 171: f=0.00585653
BFGS iter 172: f=0.00585261
BFGS iter 173: f=0.0058477
BFGS iter 174: f=0.00584233
BFGS iter 175: f=0.00583784
BFGS iter 176: f=0.00583358
BFGS iter 177: f=0.00582877
BFGS iter 178: f=0.00582266
BFGS iter 179: f=0.00581839
BFGS iter 180: f=0.00581258
BFGS iter 181: f=0.00580643
BFGS iter 182: f=0.0058018
BFGS iter 183: f=0.00579287
BFGS iter 184: f=0.00578856
BFGS iter 185: f=0.00578218
BFGS iter 186: f=0.00577604
BFGS iter 187: f=0.00577004
BFGS iter 188: f=0.00576375
BFGS iter 189: f=0.00575663
BFGS iter 190: f=0.00575114
BFGS iter 191: f=0.00574301
BFGS iter 192: f=0.00573703
BFGS iter 193: f=0.00573293
BFGS iter 194: f=0.00572837
BFGS iter 195: f=0.00572149
BFGS iter 196: f=0.00571699
BFGS iter 197: f=0.00571045
BFGS iter 198: f=0.00570337
BFGS iter 199: f=0.00569788
BFGS iter 200: f=0.0056428
BFGS iter 201: f=0.00563695
BFGS iter 202: f=0.00563416
BFGS iter 203: f=0.0056298
BFGS iter 204: f=0.00562636
BFGS iter 205: f=0.00562314
BFGS iter 206: f=0.00561973
BFGS iter 207: f=0.0056158
BFGS iter 208: f=0.0056117
BFGS iter 209: f=0.00560823
BFGS iter 210: f=0.00560456
BFGS iter 211: f=0.005601
BFGS iter 212: f=0.00559831
BFGS iter 213: f=0.00559503
BFGS iter 214: f=0.00559242
BFGS iter 215: f=0.00558866
BFGS iter 216: f=0.00558603
BFGS iter 217: f=0.00558342
BFGS iter 218: f=0.00557991
BFGS iter 219: f=0.00557621
BFGS iter 220: f=0.0055732
BFGS iter 221: f=0.00556927
BFGS iter 222: f=0.00556531
BFGS iter 223: f=0.00556181
BFGS iter 224: f=0.00555635
BFGS iter 225: f=0.0055521
BFGS iter 226: f=0.0055481
BFGS iter 227: f=0.00554363
BFGS iter 228: f=0.00554022
BFGS iter 229: f=0.00553529
BFGS iter 230: f=0.00553144
BFGS iter 231: f=0.00552669
BFGS iter 232: f=0.00552334
BFGS iter 233: f=0.00551957
BFGS iter 234: f=0.00551563
BFGS iter 235: f=0.00551256
BFGS iter 236: f=0.00550869
BFGS iter 237: f=0.00550502
BFGS iter 238: f=0.00550161
BFGS iter 239: f=0.00549851
BFGS iter 240: f=0.00549424
BFGS iter 241: f=0.00549041
BFGS iter 242: f=0.00548592
BFGS iter 243: f=0.00548243
BFGS iter 244: f=0.00547932
BFGS iter 245: f=0.00547545
BFGS iter 246: f=0.00547187
BFGS iter 247: f=0.00546832
BFGS iter 248: f=0.00546389
BFGS iter 249: f=0.00545896
BFGS iter 250: f=0.00541849
BFGS iter 251: f=0.0054143
BFGS iter 252: f=0.00541158
BFGS iter 253: f=0.00540955
BFGS iter 254: f=0.00540754
BFGS iter 255: f=0.00540489
BFGS iter 256: f=0.00540311
BFGS iter 257: f=0.00540103
BFGS iter 258: f=0.00539763
BFGS iter 259: f=0.00539508
BFGS iter 260: f=0.00539286
BFGS iter 261: f=0.00538979
BFGS iter 262: f=0.00538723
BFGS iter 263: f=0.0053848
BFGS iter 264: f=0.00538261
BFGS iter 265: f=0.00538048
BFGS iter 266: f=0.00537775
BFGS iter 267: f=0.00537519
BFGS iter 268: f=0.00537306
BFGS iter 269: f=0.00537089
BFGS iter 270: f=0.00536849
BFGS iter 271: f=0.00536633
BFGS iter 272: f=0.00536403
BFGS iter 273: f=0.00536205
BFGS iter 274: f=0.00536007
BFGS iter 275: f=0.00535833
BFGS iter 276: f=0.00535629
BFGS iter 277: f=0.0053538
BFGS iter 278: f=0.00535164
BFGS iter 279: f=0.00534977
BFGS iter 280: f=0.00534801
BFGS iter 281: f=0.00534582
BFGS iter 282: f=0.00534403
BFGS iter 283: f=0.00534191
BFGS iter 284: f=0.00534034
BFGS iter 285: f=0.00533848
BFGS iter 286: f=0.00533656
BFGS iter 287: f=0.00533492
BFGS iter 288: f=0.00533313
BFGS iter 289: f=0.00533109
BFGS iter 290: f=0.00532928
BFGS iter 291: f=0.00532729
BFGS iter 292: f=0.00532573
BFGS iter 293: f=0.00532362
BFGS iter 294: f=0.00532141
BFGS iter 295: f=0.00531855
BFGS iter 296: f=0.00531622
BFGS iter 297: f=0.0053144
BFGS iter 298: f=0.00531252
BFGS iter 299: f=0.00531084
BFGS iter 300: f=0.00528938
BFGS iter 301: f=0.00528801
BFGS iter 302: f=0.00528686
BFGS iter 303: f=0.00528517
BFGS iter 304: f=0.00528388
BFGS iter 305: f=0.0052822
BFGS iter 306: f=0.0052801
BFGS iter 307: f=0.00527835
BFGS iter 308: f=0.0052763
BFGS iter 309: f=0.0052744
BFGS iter 310: f=0.0052725
BFGS iter 311: f=0.0052697
BFGS iter 312: f=0.00526785
BFGS iter 313: f=0.00526626
BFGS iter 314: f=0.00526462
BFGS iter 315: f=0.00526284
BFGS iter 316: f=0.00526108
BFGS iter 317: f=0.00525905
BFGS iter 318: f=0.0052573
BFGS iter 319: f=0.00525577
BFGS iter 320: f=0.00525424
BFGS iter 321: f=0.00525274
BFGS iter 322: f=0.00525154
BFGS iter 323: f=0.00525013
BFGS iter 324: f=0.00524823
BFGS iter 325: f=0.00524683
BFGS iter 326: f=0.00524487
BFGS iter 327: f=0.00524289
BFGS iter 328: f=0.00524145
BFGS iter 329: f=0.00523979
BFGS iter 330: f=0.0052371
BFGS iter 331: f=0.00523546
BFGS iter 332: f=0.00523368
BFGS iter 333: f=0.00523216
BFGS iter 334: f=0.00523054
BFGS iter 335: f=0.00522871
BFGS iter 336: f=0.00522636
BFGS iter 337: f=0.00522461
BFGS iter 338: f=0.00522274
BFGS iter 339: f=0.00522101
BFGS iter 340: f=0.00521909
BFGS iter 341: f=0.00521718
BFGS iter 342: f=0.00521524
BFGS iter 343: f=0.00521369
BFGS iter 344: f=0.0052118
BFGS iter 345: f=0.00520977
BFGS iter 346: f=0.00520819
BFGS iter 347: f=0.00520673
BFGS iter 348: f=0.00520532
BFGS iter 349: f=0.005204
BFGS iter 350: f=0.00519492
BFGS iter 351: f=0.00519371
BFGS iter 352: f=0.00519265
BFGS iter 353: f=0.00519147
BFGS iter 354: f=0.00519067
BFGS iter 355: f=0.00518998
BFGS iter 356: f=0.00518894
BFGS iter 357: f=0.00518771
BFGS iter 358: f=0.00518653
BFGS iter 359: f=0.0051854
BFGS iter 360: f=0.00518439
BFGS iter 361: f=0.00518321
BFGS iter 362: f=0.00518205
BFGS iter 363: f=0.00518119
BFGS iter 364: f=0.00518015
BFGS iter 365: f=0.00517885
BFGS iter 366: f=0.00517765
BFGS iter 367: f=0.00517656
BFGS iter 368: f=0.00517544
BFGS iter 369: f=0.00517424
BFGS iter 370: f=0.00517288
BFGS iter 371: f=0.00517145
BFGS iter 372: f=0.00516989
BFGS iter 373: f=0.00516841
BFGS iter 374: f=0.00516713
BFGS iter 375: f=0.00516572
BFGS iter 376: f=0.00516429
BFGS iter 377: f=0.00516306
BFGS iter 378: f=0.00516196
BFGS iter 379: f=0.00516071
BFGS iter 380: f=0.00515945
BFGS iter 381: f=0.00515822
BFGS iter 382: f=0.00515693
BFGS iter 383: f=0.00515547
BFGS iter 384: f=0.00515421
BFGS iter 385: f=0.00515307
BFGS iter 386: f=0.00515183
BFGS iter 387: f=0.00515058
BFGS iter 388: f=0.00514895
BFGS iter 389: f=0.00514745
BFGS iter 390: f=0.00514616
BFGS iter 391: f=0.0051447
BFGS iter 392: f=0.0051432
BFGS iter 393: f=0.00514204
BFGS iter 394: f=0.0051408
BFGS iter 395: f=0.00513935
BFGS iter 396: f=0.00513783
BFGS iter 397: f=0.0051361
BFGS iter 398: f=0.00513457
BFGS iter 399: f=0.00513333
BFGS iter 400: f=0.00512514
BFGS iter 401: f=0.00512379
BFGS iter 402: f=0.00512316
BFGS iter 403: f=0.00512212
BFGS iter 404: f=0.00512109
BFGS iter 405: f=0.00511993
BFGS iter 406: f=0.0051188
BFGS iter 407: f=0.00511753
BFGS iter 408: f=0.0051163
BFGS iter 409: f=0.00511524
BFGS iter 410: f=0.00511412
BFGS iter 411: f=0.00511301
BFGS iter 412: f=0.0051121
BFGS iter 413: f=0.00511113
BFGS iter 414: f=0.00511029
BFGS iter 415: f=0.00510893
BFGS iter 416: f=0.0051076
BFGS iter 417: f=0.00510634
BFGS iter 418: f=0.00510505
BFGS iter 419: f=0.00510402
BFGS iter 420: f=0.00510306
BFGS iter 421: f=0.00510193
BFGS iter 422: f=0.00510084
BFGS iter 423: f=0.00509972
BFGS iter 424: f=0.00509867
BFGS iter 425: f=0.0050976
BFGS iter 426: f=0.00509637
BFGS iter 427: f=0.00509506
BFGS iter 428: f=0.00509381
BFGS iter 429: f=0.00509253
BFGS iter 430: f=0.00509141
BFGS iter 431: f=0.00509045
BFGS iter 432: f=0.00508944
BFGS iter 433: f=0.00508839
BFGS iter 434: f=0.00508732
BFGS iter 435: f=0.00508629
BFGS iter 436: f=0.00508538
BFGS iter 437: f=0.00508457
BFGS iter 438: f=0.00508367
BFGS iter 439: f=0.00508268
BFGS iter 440: f=0.00508183
BFGS iter 441: f=0.0050809
BFGS iter 442: f=0.00507985
BFGS iter 443: f=0.00507875
BFGS iter 444: f=0.005078
BFGS iter 445: f=0.00507726
BFGS iter 446: f=0.00507657
BFGS iter 447: f=0.00507602
BFGS iter 448: f=0.00507544
BFGS iter 449: f=0.00507477
BFGS iter 450: f=0.00506889
BFGS iter 451: f=0.00506837
BFGS iter 452: f=0.00506783
BFGS iter 453: f=0.0050673
BFGS iter 454: f=0.00506678
BFGS iter 455: f=0.00506626
BFGS iter 456: f=0.00506564
BFGS iter 457: f=0.00506503
BFGS iter 458: f=0.00506454
BFGS iter 459: f=0.00506405
BFGS iter 460: f=0.00506314
BFGS iter 461: f=0.00506257
BFGS iter 462: f=0.00506183
BFGS iter 463: f=0.00506107
BFGS iter 464: f=0.0050604
BFGS iter 465: f=0.00505981
BFGS iter 466: f=0.00505909
BFGS iter 467: f=0.00505837
BFGS iter 468: f=0.00505768
BFGS iter 469: f=0.0050569
BFGS iter 470: f=0.00505607
BFGS iter 471: f=0.0050555
BFGS iter 472: f=0.00505485
BFGS iter 473: f=0.00505426
BFGS iter 474: f=0.00505354
BFGS iter 475: f=0.00505278
BFGS iter 476: f=0.00505207
BFGS iter 477: f=0.00505155
BFGS iter 478: f=0.00505086
BFGS iter 479: f=0.00505014
BFGS iter 480: f=0.0050493
BFGS iter 481: f=0.00504836
BFGS iter 482: f=0.00504741
BFGS iter 483: f=0.0050466
BFGS iter 484: f=0.00504586
BFGS iter 485: f=0.00504521
BFGS iter 486: f=0.00504441
BFGS iter 487: f=0.00504363
BFGS iter 488: f=0.00504284
BFGS iter 489: f=0.00504218
BFGS iter 490: f=0.00504145
BFGS iter 491: f=0.00504067
BFGS iter 492: f=0.00503999
BFGS iter 493: f=0.00503942
BFGS iter 494: f=0.00503884
BFGS iter 495: f=0.00503816
BFGS iter 496: f=0.00503736
BFGS iter 497: f=0.00503662
BFGS iter 498: f=0.0050359
BFGS iter 499: f=0.00503516
BFGS iter 500: f=0.0050277
BFGS iter 501: f=0.00502688
BFGS iter 502: f=0.00502639
BFGS iter 503: f=0.00502594
BFGS iter 504: f=0.00502532
BFGS iter 505: f=0.00502479
BFGS iter 506: f=0.00502427
BFGS iter 507: f=0.00502382
BFGS iter 508: f=0.00502315
BFGS iter 509: f=0.00502283
BFGS iter 510: f=0.0050223
BFGS iter 511: f=0.0050218
BFGS iter 512: f=0.00502121
BFGS iter 513: f=0.00502058
BFGS iter 514: f=0.00501989
BFGS iter 515: f=0.00501921
BFGS iter 516: f=0.0050186
BFGS iter 517: f=0.00501806
BFGS iter 518: f=0.00501751
BFGS iter 519: f=0.00501695
BFGS iter 520: f=0.00501645
BFGS iter 521: f=0.00501589
BFGS iter 522: f=0.00501529
BFGS iter 523: f=0.00501467
BFGS iter 524: f=0.00501408
BFGS iter 525: f=0.00501333
BFGS iter 526: f=0.00501287
BFGS iter 527: f=0.00501244
BFGS iter 528: f=0.00501195
BFGS iter 529: f=0.00501141
BFGS iter 530: f=0.00501076
BFGS iter 531: f=0.00501008
BFGS iter 532: f=0.0050095
BFGS iter 533: f=0.00500895
BFGS iter 534: f=0.00500837
BFGS iter 535: f=0.00500771
BFGS iter 536: f=0.00500707
BFGS iter 537: f=0.0050063
BFGS iter 538: f=0.00500536
BFGS iter 539: f=0.00500461
BFGS iter 540: f=0.0050038
BFGS iter 541: f=0.00500301
BFGS iter 542: f=0.00500226
BFGS iter 543: f=0.00500164
BFGS iter 544: f=0.00500094
BFGS iter 545: f=0.00500021
BFGS iter 546: f=0.00499943
BFGS iter 547: f=0.00499843
BFGS iter 548: f=0.00499722
BFGS iter 549: f=0.00499626
BFGS iter 550: f=0.00498859
BFGS iter 551: f=0.00498727
BFGS iter 552: f=0.00498664
BFGS iter 553: f=0.00498618
BFGS iter 554: f=0.00498548
BFGS iter 555: f=0.0049849
BFGS iter 556: f=0.0049843
BFGS iter 557: f=0.00498359
BFGS iter 558: f=0.00498297
BFGS iter 559: f=0.0049823
BFGS iter 560: f=0.00498172
BFGS iter 561: f=0.00498107
BFGS iter 562: f=0.00498045
BFGS iter 563: f=0.00497977
BFGS iter 564: f=0.00497902
BFGS iter 565: f=0.00497834
BFGS iter 566: f=0.00497773
BFGS iter 567: f=0.00497695
BFGS iter 568: f=0.00497595
BFGS iter 569: f=0.00497532
BFGS iter 570: f=0.0049747
BFGS iter 571: f=0.0049743
BFGS iter 572: f=0.0049737
BFGS iter 573: f=0.00497322
BFGS iter 574: f=0.00497252
BFGS iter 575: f=0.00497157
BFGS iter 576: f=0.00497086
BFGS iter 577: f=0.00496996
BFGS iter 578: f=0.00496909
BFGS iter 579: f=0.00496841
BFGS iter 580: f=0.00496758
BFGS iter 581: f=0.00496647
BFGS iter 582: f=0.00496549
BFGS iter 583: f=0.00496439
BFGS iter 584: f=0.00496345
BFGS iter 585: f=0.00496262
BFGS iter 586: f=0.00496158
BFGS iter 587: f=0.00496093
BFGS iter 588: f=0.00496002
BFGS iter 589: f=0.00495937
BFGS iter 590: f=0.0049586
BFGS iter 591: f=0.00495779
BFGS iter 592: f=0.00495703
BFGS iter 593: f=0.00495627
BFGS iter 594: f=0.00495559
BFGS iter 595: f=0.00495496
BFGS iter 596: f=0.00495431
BFGS iter 597: f=0.00495363
BFGS iter 598: f=0.00495307
BFGS iter 599: f=0.00495236
BFGS iter 600: f=0.00494491
BFGS iter 601: f=0.00494385
BFGS iter 602: f=0.00494308
BFGS iter 603: f=0.0049426
BFGS iter 604: f=0.004942
BFGS iter 605: f=0.00494123
BFGS iter 606: f=0.00494078
BFGS iter 607: f=0.00494003
BFGS iter 608: f=0.00493957
BFGS iter 609: f=0.00493914
BFGS iter 610: f=0.00493865
BFGS iter 611: f=0.00493813
BFGS iter 612: f=0.00493758
BFGS iter 613: f=0.00493698
BFGS iter 614: f=0.0049365
BFGS iter 615: f=0.00493604
BFGS iter 616: f=0.0049355
BFGS iter 617: f=0.00493493
BFGS iter 618: f=0.00493431
BFGS iter 619: f=0.00493363
BFGS iter 620: f=0.00493306
BFGS iter 621: f=0.00493254
BFGS iter 622: f=0.00493191
BFGS iter 623: f=0.00493135
BFGS iter 624: f=0.00493062
BFGS iter 625: f=0.00492994
BFGS iter 626: f=0.00492937
BFGS iter 627: f=0.00492862
BFGS iter 628: f=0.00492772
BFGS iter 629: f=0.00492705
BFGS iter 630: f=0.00492631
BFGS iter 631: f=0.00492553
BFGS iter 632: f=0.00492487
BFGS iter 633: f=0.0049241
BFGS iter 634: f=0.00492322
BFGS iter 635: f=0.0049226
BFGS iter 636: f=0.00492194
BFGS iter 637: f=0.0049213
BFGS iter 638: f=0.00492082
BFGS iter 639: f=0.00492034
BFGS iter 640: f=0.00491974
BFGS iter 641: f=0.00491915
BFGS iter 642: f=0.00491861
BFGS iter 643: f=0.00491812
BFGS iter 644: f=0.00491757
BFGS iter 645: f=0.00491686
BFGS iter 646: f=0.00491617
BFGS iter 647: f=0.00491551
BFGS iter 648: f=0.00491485
BFGS iter 649: f=0.0049141
BFGS iter 650: f=0.00490634
BFGS iter 651: f=0.0049053
BFGS iter 652: f=0.0049046
BFGS iter 653: f=0.00490404
BFGS iter 654: f=0.00490322
BFGS iter 655: f=0.0049025
BFGS iter 656: f=0.00490181
BFGS iter 657: f=0.00490115
BFGS iter 658: f=0.00490081
BFGS iter 659: f=0.00490009
BFGS iter 660: f=0.00489948
BFGS iter 661: f=0.00489861
BFGS iter 662: f=0.00489745
BFGS iter 663: f=0.00489672
BFGS iter 664: f=0.00489591
BFGS iter 665: f=0.00489515
BFGS iter 666: f=0.0048945
BFGS iter 667: f=0.00489363
BFGS iter 668: f=0.00489272
BFGS iter 669: f=0.00489214
BFGS iter 670: f=0.00489138
BFGS iter 671: f=0.00489056
BFGS iter 672: f=0.00489004
BFGS iter 673: f=0.00488942
BFGS iter 674: f=0.0048887
BFGS iter 675: f=0.00488803
BFGS iter 676: f=0.00488732
BFGS iter 677: f=0.00488665
BFGS iter 678: f=0.00488592
BFGS iter 679: f=0.00488519
BFGS iter 680: f=0.00488464
BFGS iter 681: f=0.00488386
BFGS iter 682: f=0.00488315
BFGS iter 683: f=0.00488253
BFGS iter 684: f=0.00488185
BFGS iter 685: f=0.004881
BFGS iter 686: f=0.00488024
BFGS iter 687: f=0.00487974
BFGS iter 688: f=0.00487907
BFGS iter 689: f=0.00487849
BFGS iter 690: f=0.00487795
BFGS iter 691: f=0.00487733
BFGS iter 692: f=0.00487681
BFGS iter 693: f=0.00487622
BFGS iter 694: f=0.00487555
BFGS iter 695: f=0.00487495
BFGS iter 696: f=0.00487429
BFGS iter 697: f=0.00487371
BFGS iter 698: f=0.00487319
BFGS iter 699: f=0.00487261
BFGS iter 700: f=0.00486324
BFGS iter 701: f=0.00486231
BFGS iter 702: f=0.00486189
BFGS iter 703: f=0.0048615
BFGS iter 704: f=0.00486109
BFGS iter 705: f=0.00486072
BFGS iter 706: f=0.00486032
BFGS iter 707: f=0.00485961
BFGS iter 708: f=0.004859
BFGS iter 709: f=0.00485839
BFGS iter 710: f=0.00485791
BFGS iter 711: f=0.00485722
BFGS iter 712: f=0.00485661
BFGS iter 713: f=0.00485589
BFGS iter 714: f=0.00485524
BFGS iter 715: f=0.00485481
BFGS iter 716: f=0.00485423
BFGS iter 717: f=0.00485354
BFGS iter 718: f=0.00485291
BFGS iter 719: f=0.00485208
BFGS iter 720: f=0.00485121
BFGS iter 721: f=0.00485054
BFGS iter 722: f=0.00484987
BFGS iter 723: f=0.00484926
BFGS iter 724: f=0.00484883
BFGS iter 725: f=0.00484832
BFGS iter 726: f=0.00484779
BFGS iter 727: f=0.00484722
BFGS iter 728: f=0.00484666
BFGS iter 729: f=0.00484608
BFGS iter 730: f=0.00484551
BFGS iter 731: f=0.00484501
BFGS iter 732: f=0.00484453
BFGS iter 733: f=0.00484395
BFGS iter 734: f=0.00484327
BFGS iter 735: f=0.00484278
BFGS iter 736: f=0.00484221
BFGS iter 737: f=0.00484147
BFGS iter 738: f=0.004841
BFGS iter 739: f=0.00484051
BFGS iter 740: f=0.00483999
BFGS iter 741: f=0.00483947
BFGS iter 742: f=0.00483893
BFGS iter 743: f=0.00483841
BFGS iter 744: f=0.0048379
BFGS iter 745: f=0.00483727
BFGS iter 746: f=0.00483665
BFGS iter 747: f=0.00483609
BFGS iter 748: f=0.00483552
BFGS iter 749: f=0.00483488
BFGS iter 750: f=0.00482858
BFGS iter 751: f=0.00482779
BFGS iter 752: f=0.00482747
BFGS iter 753: f=0.00482696
BFGS iter 754: f=0.00482653
BFGS iter 755: f=0.00482613
BFGS iter 756: f=0.00482562
BFGS iter 757: f=0.00482512
BFGS iter 758: f=0.00482454
BFGS iter 759: f=0.0048241
BFGS iter 760: f=0.00482366
BFGS iter 761: f=0.00482322
BFGS iter 762: f=0.00482281
BFGS iter 763: f=0.00482241
BFGS iter 764: f=0.00482193
BFGS iter 765: f=0.00482132
BFGS iter 766: f=0.00482071
BFGS iter 767: f=0.00482
BFGS iter 768: f=0.00481923
BFGS iter 769: f=0.00481866
BFGS iter 770: f=0.00481814
BFGS iter 771: f=0.00481771
BFGS iter 772: f=0.0048174
BFGS iter 773: f=0.00481708
BFGS iter 774: f=0.00481674
BFGS iter 775: f=0.00481632
BFGS iter 776: f=0.00481589
BFGS iter 777: f=0.00481544
BFGS iter 778: f=0.00481497
BFGS iter 779: f=0.00481452
BFGS iter 780: f=0.00481414
BFGS iter 781: f=0.00481361
BFGS iter 782: f=0.00481322
BFGS iter 783: f=0.00481284
BFGS iter 784: f=0.00481242
BFGS iter 785: f=0.00481202
BFGS iter 786: f=0.00481167
BFGS iter 787: f=0.00481129
BFGS iter 788: f=0.00481081
BFGS iter 789: f=0.00481026
BFGS iter 790: f=0.00480974
BFGS iter 791: f=0.00480933
BFGS iter 792: f=0.00480891
BFGS iter 793: f=0.00480843
BFGS iter 794: f=0.00480796
BFGS iter 795: f=0.00480749
BFGS iter 796: f=0.00480707
BFGS iter 797: f=0.00480678
BFGS iter 798: f=0.00480637
BFGS iter 799: f=0.00480589
BFGS iter 800: f=0.00479969
BFGS iter 801: f=0.00479886
BFGS iter 802: f=0.00479836
BFGS iter 803: f=0.00479791
BFGS iter 804: f=0.00479753
BFGS iter 805: f=0.00479722
BFGS iter 806: f=0.00479675
BFGS iter 807: f=0.00479625
BFGS iter 808: f=0.00479563
BFGS iter 809: f=0.00479514
BFGS iter 810: f=0.0047947
BFGS iter 811: f=0.00479425
BFGS iter 812: f=0.00479377
BFGS iter 813: f=0.0047933
BFGS iter 814: f=0.00479284
BFGS iter 815: f=0.00479246
BFGS iter 816: f=0.00479202
BFGS iter 817: f=0.0047915
BFGS iter 818: f=0.00479099
BFGS iter 819: f=0.00479062
BFGS iter 820: f=0.0047901
BFGS iter 821: f=0.00478951
BFGS iter 822: f=0.00478903
BFGS iter 823: f=0.00478853
BFGS iter 824: f=0.00478814
BFGS iter 825: f=0.00478781
BFGS iter 826: f=0.00478747
BFGS iter 827: f=0.00478709
BFGS iter 828: f=0.00478672
BFGS iter 829: f=0.00478634
BFGS iter 830: f=0.00478595
BFGS iter 831: f=0.00478554
BFGS iter 832: f=0.00478503
BFGS iter 833: f=0.00478448
BFGS iter 834: f=0.00478403
BFGS iter 835: f=0.00478359
BFGS iter 836: f=0.00478319
BFGS iter 837: f=0.00478288
BFGS iter 838: f=0.00478259
BFGS iter 839: f=0.00478231
BFGS iter 840: f=0.00478204
BFGS iter 841: f=0.00478169
BFGS iter 842: f=0.00478134
BFGS iter 843: f=0.00478095
BFGS iter 844: f=0.00478054
BFGS iter 845: f=0.00478011
BFGS iter 846: f=0.00477976
BFGS iter 847: f=0.00477941
BFGS iter 848: f=0.00477906
BFGS iter 849: f=0.00477871
BFGS iter 850: f=0.00477299
BFGS iter 851: f=0.00477216
BFGS iter 852: f=0.0047717
BFGS iter 853: f=0.00477136
BFGS iter 854: f=0.00477091
BFGS iter 855: f=0.00477046
BFGS iter 856: f=0.00477009
BFGS iter 857: f=0.00476978
BFGS iter 858: f=0.00476944
BFGS iter 859: f=0.00476912
BFGS iter 860: f=0.00476885
BFGS iter 861: f=0.00476856
BFGS iter 862: f=0.00476825
BFGS iter 863: f=0.00476794
BFGS iter 864: f=0.00476763
BFGS iter 865: f=0.00476729
BFGS iter 866: f=0.00476695
BFGS iter 867: f=0.00476665
BFGS iter 868: f=0.00476634
BFGS iter 869: f=0.00476599
BFGS iter 870: f=0.00476562
BFGS iter 871: f=0.0047653
BFGS iter 872: f=0.004765
BFGS iter 873: f=0.00476467
BFGS iter 874: f=0.00476431
BFGS iter 875: f=0.00476394
BFGS iter 876: f=0.00476356
BFGS iter 877: f=0.00476316
BFGS iter 878: f=0.00476283
BFGS iter 879: f=0.00476254
BFGS iter 880: f=0.0047623
BFGS iter 881: f=0.00476203
BFGS iter 882: f=0.00476164
BFGS iter 883: f=0.0047612
BFGS iter 884: f=0.00476075
BFGS iter 885: f=0.00476028
BFGS iter 886: f=0.00475987
BFGS iter 887: f=0.00475962
BFGS iter 888: f=0.00475928
BFGS iter 889: f=0.00475899
BFGS iter 890: f=0.00475873
BFGS iter 891: f=0.00475837
BFGS iter 892: f=0.00475801
BFGS iter 893: f=0.00475773
BFGS iter 894: f=0.00475749
BFGS iter 895: f=0.00475727
BFGS iter 896: f=0.00475704
BFGS iter 897: f=0.00475675
BFGS iter 898: f=0.00475651
BFGS iter 899: f=0.00475625
BFGS iter 900: f=0.00475237
BFGS iter 901: f=0.00475175
BFGS iter 902: f=0.00475159
BFGS iter 903: f=0.00475139
BFGS iter 904: f=0.00475117
BFGS iter 905: f=0.00475092
BFGS iter 906: f=0.00475065
BFGS iter 907: f=0.00475045
BFGS iter 908: f=0.00475013
BFGS iter 909: f=0.0047499
BFGS iter 910: f=0.00474967
BFGS iter 911: f=0.00474934
BFGS iter 912: f=0.00474906
BFGS iter 913: f=0.0047487
BFGS iter 914: f=0.00474826
BFGS iter 915: f=0.00474801
BFGS iter 916: f=0.00474772
BFGS iter 917: f=0.00474748
BFGS iter 918: f=0.00474729
BFGS iter 919: f=0.00474706
BFGS iter 920: f=0.00474678
BFGS iter 921: f=0.00474656
BFGS iter 922: f=0.00474636
BFGS iter 923: f=0.00474614
BFGS iter 924: f=0.0047459
BFGS iter 925: f=0.00474559
BFGS iter 926: f=0.00474521
BFGS iter 927: f=0.00474492
BFGS iter 928: f=0.00474468
BFGS iter 929: f=0.00474445
BFGS iter 930: f=0.00474424
BFGS iter 931: f=0.00474395
BFGS iter 932: f=0.00474366
BFGS iter 933: f=0.00474343
BFGS iter 934: f=0.00474321
BFGS iter 935: f=0.00474297
BFGS iter 936: f=0.00474272
BFGS iter 937: f=0.00474247
BFGS iter 938: f=0.00474227
BFGS iter 939: f=0.00474208
BFGS iter 940: f=0.00474186
BFGS iter 941: f=0.00474159
BFGS iter 942: f=0.0047413
BFGS iter 943: f=0.00474104
BFGS iter 944: f=0.00474081
BFGS iter 945: f=0.0047406
BFGS iter 946: f=0.00474036
BFGS iter 947: f=0.00474009
BFGS iter 948: f=0.00473984
BFGS iter 949: f=0.00473958
BFGS iter 950: f=0.00473673
BFGS iter 951: f=0.00473631
BFGS iter 952: f=0.00473613
BFGS iter 953: f=0.00473593
BFGS iter 954: f=0.00473567
BFGS iter 955: f=0.00473546
BFGS iter 956: f=0.00473524
BFGS iter 957: f=0.00473498
BFGS iter 958: f=0.0047348
BFGS iter 959: f=0.00473458
BFGS iter 960: f=0.00473438
BFGS iter 961: f=0.00473419
BFGS iter 962: f=0.004734
BFGS iter 963: f=0.0047338
BFGS iter 964: f=0.00473357
BFGS iter 965: f=0.00473335
BFGS iter 966: f=0.00473314
BFGS iter 967: f=0.00473291
BFGS iter 968: f=0.00473269
BFGS iter 969: f=0.00473254
BFGS iter 970: f=0.00473237
BFGS iter 971: f=0.00473218
BFGS iter 972: f=0.00473199
BFGS iter 973: f=0.00473173
BFGS iter 974: f=0.00473147
BFGS iter 975: f=0.00473128
BFGS iter 976: f=0.00473105
BFGS iter 977: f=0.00473082
BFGS iter 978: f=0.00473065
BFGS iter 979: f=0.00473048
BFGS iter 980: f=0.00473025
BFGS iter 981: f=0.00473008
BFGS iter 982: f=0.00472989
BFGS iter 983: f=0.00472971
BFGS iter 984: f=0.00472953
BFGS iter 985: f=0.00472936
BFGS iter 986: f=0.00472918
BFGS iter 987: f=0.00472896
BFGS iter 988: f=0.00472873
BFGS iter 989: f=0.00472849
BFGS iter 990: f=0.00472823
BFGS iter 991: f=0.004728
BFGS iter 992: f=0.00472781
BFGS iter 993: f=0.00472764
BFGS iter 994: f=0.00472746
BFGS iter 995: f=0.00472731
BFGS iter 996: f=0.00472715
BFGS iter 997: f=0.00472697
BFGS iter 998: f=0.00472675
BFGS iter 999: f=0.00472657
step limit reached
MTPR training ended
Rescaling...
   scaling = 0.134587985741538, condition number = 133.390096419018
   scaling = 0.146823257172587, condition number = 168.30928398973
   scaling = 0.161505582889846, condition number = 224.513768005979
   scaling = 0.17765614117883, condition number = 279.371473311502
   scaling = 0.193806699467815, condition number = 374.981086475246
Rescaling to 0.134587985741538... done
Rescaling...
   scaling = 0.112156654784615, condition number = 77.0152655693048
   scaling = 0.122352714310489, condition number = 102.535020500301
   scaling = 0.134587985741538, condition number = 133.390123765961
   scaling = 0.148046784315692, condition number = 169.869111786186
   scaling = 0.161505582889846, condition number = 224.513716028475
Rescaling to 0.112156654784615... done
Rescaling...
   scaling = 0.0934638789871793, condition number = 57.237621098015
   scaling = 0.101960595258741, condition number = 63.2226815263448
   scaling = 0.112156654784615, condition number = 77.0149824912065
   scaling = 0.123372320263077, condition number = 103.502787836134
   scaling = 0.134587985741538, condition number = 133.39012302649
Rescaling to 0.0934638789871793... done
Rescaling...
   scaling = 0.0778865658226494, condition number = 48.4637540128583
   scaling = 0.0849671627156175, condition number = 51.702944772992
   scaling = 0.0934638789871793, condition number = 57.2385790253541
   scaling = 0.102810266885897, condition number = 64.5387354793977
   scaling = 0.112156654784615, condition number = 77.016322514966
Rescaling to 0.0778865658226494... done
Rescaling...
   scaling = 0.0649054715188745, condition number = 44.6908258192474
   scaling = 0.0708059689296813, condition number = 48.3930723933533
   scaling = 0.0778865658226494, condition number = 48.4623057223548
   scaling = 0.0856752224049144, condition number = 53.5628598513971
   scaling = 0.0934638789871793, condition number = 57.2550262084704
Rescaling to 0.0649054715188745... done
Rescaling...
   scaling = 0.0540878929323954, condition number = 43.4558897079839
   scaling = 0.0590049741080677, condition number = 44.9869865923117
   scaling = 0.0649054715188745, condition number = 44.6911224728414
   scaling = 0.071396018670762, condition number = 48.634900896598
   scaling = 0.0778865658226494, condition number = 48.4275903866747
Rescaling to 0.0540878929323954... done
Rescaling...
   scaling = 0.0450732441103295, condition number = 43.4536971626926
   scaling = 0.0491708117567231, condition number = 43.0044020242476
   scaling = 0.0540878929323954, condition number = 43.4558897079839
   scaling = 0.059496682225635, condition number = 44.9288823559181
   scaling = 0.0649054715188745, condition number = 44.6911224728414
Rescaling to 0.0491708117567231... done
Rescaling...
   scaling = 0.0409756764639359, condition number = 43.8370722503324
   scaling = 0.0447007379606574, condition number = 40.7382462014252
   scaling = 0.0491708117567231, condition number = 43.0051909978222
   scaling = 0.0540878929323954, condition number = 43.355637044813
   scaling = 0.0590049741080677, condition number = 44.9592479121245
Rescaling to 0.0447007379606574... done
Rescaling...
   scaling = 0.0372506149672145, condition number = 41.8835127426633
   scaling = 0.0406370345096885, condition number = 39.6500894940663
   scaling = 0.0447007379606574, condition number = 40.7370973440963
   scaling = 0.0491708117567231, condition number = 43.0044020242476
   scaling = 0.0536408855527889, condition number = 43.2061169336477
Rescaling to 0.0406370345096885... done
Rescaling...
   scaling = 0.0338641954247404, condition number = 40.9717800522217
   scaling = 0.0369427586451714, condition number = 41.7751563917503
   scaling = 0.0406370345096885, condition number = 39.6497275444173
   scaling = 0.0447007379606574, condition number = 40.7382462014252
   scaling = 0.0487644414116262, condition number = 43.1928431985905
Rescaling to 0.0406370345096885... done

		* * * TRAIN ERRORS * * *

_________________Errors report_________________
Energy:
	Errors checked for 1993 configurations
	Maximal absolute difference = 0.245479
	Average absolute difference = 0.0379947
	RMS     absolute difference = 0.0510739

Energy per atom:
	Errors checked for 1993 configurations
	Maximal absolute difference = 0.0576373
	Average absolute difference = 0.00953894
	RMS     absolute difference = 0.012498

Forces:
	Errors checked for 7937 atoms
	Maximal absolute difference = 0.760466
	Average absolute difference = 0.0216213
	RMS     absolute difference = 0.064528
	Max(ForceDiff) / Max(Force) = 0.072259
	RMS(ForceDiff) / RMS(Force) = 0.115759

Stresses (in eV):
	Errors checked for 1993 configurations
	Maximal absolute difference = 87.6535
	Average absolute difference = 0.204288
	RMS     absolute difference = 1.27726
	Max(StresDiff) / Max(Stres) = 0.907399
	RMS(StresDiff) / RMS(Stres) = 0.600337

Stresses (in GPa):
	Errors checked for 1993 configurations
	Maximal absolute difference = 226.004
	Average absolute difference = 0.529723
	RMS     absolute difference = 3.23317
	Max(StresDiff) / Max(Stres) = 0.907399
	RMS(StresDiff) / RMS(Stres) = 0.595989
_______________________________________________

